<?xml version="1.0" encoding="UTF-8"?>
<!-- Generated by org.testng.reporters.JUnitReportReporter -->
<testsuite hostname="Arul" failures="0" tests="3" name="dummy.Test_BeforeTestAndBeforeMethod" time="0.009" errors="0" timestamp="2024-04-24T14:39:32 EDT" skipped="0">
  <testcase classname="dummy.Test_BeforeTestAndBeforeMethod" name="testADemo" time="0.005"/>
  <system-out/>
  <testcase classname="dummy.Test_BeforeTestAndBeforeMethod" name="testCDemo" time="0.003"/>
  <system-out/>
  <testcase classname="dummy.Test_BeforeTestAndBeforeMethod" name="testBDemo" time="0.001"/>
  <system-out/>
</testsuite> <!-- dummy.Test_BeforeTestAndBeforeMethod -->
