<?xml version="1.0" encoding="UTF-8"?>
<!-- Generated by org.testng.reporters.JUnitReportReporter -->
<testsuite hostname="Arul" failures="0" tests="1" name="com.lao.tests.TestAddProductToCart" time="6.721" errors="0" timestamp="2024-04-25T13:08:40 EDT" skipped="0">
  <testcase classname="com.lao.tests.TestAddProductToCart" name="addProductToCart" time="6.721"/>
  <system-out/>
</testsuite> <!-- com.lao.tests.TestAddProductToCart -->
