<?xml version="1.0" encoding="UTF-8"?>
<!-- Generated by org.testng.reporters.JUnitReportReporter -->
<testsuite hostname="Arul" failures="0" tests="1" name="com.lao.tests.TestSortProductByPriceLowtoHigh" time="7.066" errors="0" timestamp="2024-04-25T13:08:40 EDT" skipped="0">
  <testcase classname="com.lao.tests.TestSortProductByPriceLowtoHigh" name="sortProductPriceLowTohigh" time="7.066"/>
  <system-out/>
</testsuite> <!-- com.lao.tests.TestSortProductByPriceLowtoHigh -->
